<?xml version="1.0" encoding="UTF-8"?>
<!-- Generated by org.testng.reporters.JUnitReportReporter -->
<testsuite hostname="DESKTOP-45MT1F8" failures="0" tests="4" name="api.testcases.userTest" time="5.386" errors="0" timestamp="2025-04-25T12:34:04 PDT" skipped="0">
  <testcase classname="api.testcases.userTest" name="testCreateUser" time="1.056"/>
  <system-out/>
  <testcase classname="api.testcases.userTest" name="testGetUserData" time="1.068"/>
  <system-out/>
  <testcase classname="api.testcases.userTest" name="testUpdateUser" time="2.202"/>
  <system-out/>
  <testcase classname="api.testcases.userTest" name="testDeleteUser" time="1.060"/>
  <system-out/>
</testsuite> <!-- api.testcases.userTest -->
