<?xml version="1.0" encoding="UTF-8"?>
<!-- Generated by org.testng.reporters.JUnitReportReporter -->
<testsuite hostname="DESKTOP-45MT1F8" failures="0" tests="16" name="api.testcases.UserTestDataDriven" time="19.728" errors="0" timestamp="2025-04-25T12:34:04 PDT" skipped="0">
  <testcase classname="api.testcases.UserTestDataDriven" name="testCreateUser" time="1.104"/>
  <system-out/>
  <testcase classname="api.testcases.UserTestDataDriven" name="testCreateUser" time="1.067"/>
  <system-out/>
  <testcase classname="api.testcases.UserTestDataDriven" name="testCreateUser" time="3.310"/>
  <system-out/>
  <testcase classname="api.testcases.UserTestDataDriven" name="testCreateUser" time="1.059"/>
  <system-out/>
  <testcase classname="api.testcases.UserTestDataDriven" name="testGetUserData" time="1.092"/>
  <system-out/>
  <testcase classname="api.testcases.UserTestDataDriven" name="testGetUserData" time="1.115"/>
  <system-out/>
  <testcase classname="api.testcases.UserTestDataDriven" name="testGetUserData" time="1.052"/>
  <system-out/>
  <testcase classname="api.testcases.UserTestDataDriven" name="testGetUserData" time="1.061"/>
  <system-out/>
  <testcase classname="api.testcases.UserTestDataDriven" name="testUpdateUser" time="2.190"/>
  <system-out/>
  <testcase classname="api.testcases.UserTestDataDriven" name="testUpdateUser" time="2.122"/>
  <system-out/>
  <testcase classname="api.testcases.UserTestDataDriven" name="testUpdateUser" time="2.358"/>
  <system-out/>
  <testcase classname="api.testcases.UserTestDataDriven" name="testUpdateUser" time="2.191"/>
  <system-out/>
  <testcase classname="api.testcases.UserTestDataDriven" name="testDeleteUser" time="0.002"/>
  <system-out/>
  <testcase classname="api.testcases.UserTestDataDriven" name="testDeleteUser" time="0.001"/>
  <system-out/>
  <testcase classname="api.testcases.UserTestDataDriven" name="testDeleteUser" time="0.001"/>
  <system-out/>
  <testcase classname="api.testcases.UserTestDataDriven" name="testDeleteUser" time="0.003"/>
  <system-out/>
</testsuite> <!-- api.testcases.UserTestDataDriven -->
