<?xml version="1.0" encoding="UTF-8"?>
<!-- Generated by org.testng.reporters.JUnitReportReporter -->
<testsuite hostname="DESKTOP-45MT1F8" failures="0" tests="16" name="api.testcases.UserTestDataDriven" time="21.272" errors="0" timestamp="2025-04-27T00:16:37 PDT" skipped="0">
  <testcase classname="api.testcases.UserTestDataDriven" name="testCreateUser" time="1.122"/>
  <system-out/>
  <testcase classname="api.testcases.UserTestDataDriven" name="testCreateUser" time="4.204"/>
  <system-out/>
  <testcase classname="api.testcases.UserTestDataDriven" name="testCreateUser" time="1.073"/>
  <system-out/>
  <testcase classname="api.testcases.UserTestDataDriven" name="testCreateUser" time="1.093"/>
  <system-out/>
  <testcase classname="api.testcases.UserTestDataDriven" name="testGetUserData" time="1.079"/>
  <system-out/>
  <testcase classname="api.testcases.UserTestDataDriven" name="testGetUserData" time="1.136"/>
  <system-out/>
  <testcase classname="api.testcases.UserTestDataDriven" name="testGetUserData" time="1.108"/>
  <system-out/>
  <testcase classname="api.testcases.UserTestDataDriven" name="testGetUserData" time="1.160"/>
  <system-out/>
  <testcase classname="api.testcases.UserTestDataDriven" name="testUpdateUser" time="2.236"/>
  <system-out/>
  <testcase classname="api.testcases.UserTestDataDriven" name="testUpdateUser" time="2.247"/>
  <system-out/>
  <testcase classname="api.testcases.UserTestDataDriven" name="testUpdateUser" time="2.442"/>
  <system-out/>
  <testcase classname="api.testcases.UserTestDataDriven" name="testUpdateUser" time="2.369"/>
  <system-out/>
  <testcase classname="api.testcases.UserTestDataDriven" name="testDeleteUser" time="0.001"/>
  <system-out/>
  <testcase classname="api.testcases.UserTestDataDriven" name="testDeleteUser" time="0.000"/>
  <system-out/>
  <testcase classname="api.testcases.UserTestDataDriven" name="testDeleteUser" time="0.001"/>
  <system-out/>
  <testcase classname="api.testcases.UserTestDataDriven" name="testDeleteUser" time="0.001"/>
  <system-out/>
</testsuite> <!-- api.testcases.UserTestDataDriven -->
