<?xml version="1.0" encoding="UTF-8"?>
<!-- Generated by org.testng.reporters.JUnitReportReporter -->
<testsuite hostname="DESKTOP-45MT1F8" failures="0" tests="4" name="api.testcases.userTest" time="5.389" errors="0" timestamp="2025-04-27T00:16:37 PDT" skipped="0">
  <testcase classname="api.testcases.userTest" name="testCreateUser" time="1.066"/>
  <system-out/>
  <testcase classname="api.testcases.userTest" name="testGetUserData" time="1.069"/>
  <system-out/>
  <testcase classname="api.testcases.userTest" name="testUpdateUser" time="2.175"/>
  <system-out/>
  <testcase classname="api.testcases.userTest" name="testDeleteUser" time="1.079"/>
  <system-out/>
</testsuite> <!-- api.testcases.userTest -->
