<?xml version="1.0" encoding="UTF-8"?>
<!-- Generated by org.testng.reporters.JUnitReportReporter -->
<testsuite hostname="DESKTOP-45MT1F8" failures="0" tests="16" name="api.testcases.UserTestDataDriven" time="21.894" errors="0" timestamp="2025-04-27T00:08:41 PDT" skipped="0">
  <testcase classname="api.testcases.UserTestDataDriven" name="testCreateUser" time="1.101"/>
  <system-out/>
  <testcase classname="api.testcases.UserTestDataDriven" name="testCreateUser" time="1.073"/>
  <system-out/>
  <testcase classname="api.testcases.UserTestDataDriven" name="testCreateUser" time="1.145"/>
  <system-out/>
  <testcase classname="api.testcases.UserTestDataDriven" name="testCreateUser" time="4.241"/>
  <system-out/>
  <testcase classname="api.testcases.UserTestDataDriven" name="testGetUserData" time="1.125"/>
  <system-out/>
  <testcase classname="api.testcases.UserTestDataDriven" name="testGetUserData" time="1.940"/>
  <system-out/>
  <testcase classname="api.testcases.UserTestDataDriven" name="testGetUserData" time="1.052"/>
  <system-out/>
  <testcase classname="api.testcases.UserTestDataDriven" name="testGetUserData" time="1.109"/>
  <system-out/>
  <testcase classname="api.testcases.UserTestDataDriven" name="testUpdateUser" time="2.152"/>
  <system-out/>
  <testcase classname="api.testcases.UserTestDataDriven" name="testUpdateUser" time="2.339"/>
  <system-out/>
  <testcase classname="api.testcases.UserTestDataDriven" name="testUpdateUser" time="2.329"/>
  <system-out/>
  <testcase classname="api.testcases.UserTestDataDriven" name="testUpdateUser" time="2.285"/>
  <system-out/>
  <testcase classname="api.testcases.UserTestDataDriven" name="testDeleteUser" time="0.001"/>
  <system-out/>
  <testcase classname="api.testcases.UserTestDataDriven" name="testDeleteUser" time="0.001"/>
  <system-out/>
  <testcase classname="api.testcases.UserTestDataDriven" name="testDeleteUser" time="0.001"/>
  <system-out/>
  <testcase classname="api.testcases.UserTestDataDriven" name="testDeleteUser" time="0.000"/>
  <system-out/>
</testsuite> <!-- api.testcases.UserTestDataDriven -->
